9
9
19
97
327
511935
3732423
3064033
2298025
3732423
3732423
2298025
837799
2298025
410011
1126015
3732423
3732423
1723519
1564063
3064033
1126015
1126015
2298025
2298025
3732423
230631
2298025
3732423
1723519
1723519
3732423
1564063
1126015
3064033
1126015
1501353
3064033
1564063
626331
2298025
3064033
3064033
3732423
3732423
156159
837799
3064033
1126015
837799
1723519
667
1161
3711
3711
2919
1161
1161
1161
327
2463
2463
2223
3711
2463
327
73
1161
3711
235
1161
1161
3711
871
1161
667
3711
3711
703
3711
3711
327
3711
3711
2463
171
2919
3711
2919
1161
3711
2919
2919
2919
3711
2919
2463
2919
1161
