3732423
1723519
3732423
3064033
3732423
837799
2298025
1126015
3732423
3542887
3732423
1723519
3732423
3732423
1564063
626331
410011
2298025
3542887
3542887
106239
106239
511935
1723519
1564063
1723519
1126015
3064033
3732423
77031
3732423
837799
230631
230631
1126015
2298025
1723519
2298025
410011
511935
230631
3732423
2298025
1723519
1723519
3732423
1126015
837799
626331
3732423
2298025
3732423
3732423
3732423
3064033
1723519
3732423
1126015
3732423
2298025
1723519
837799
2298025
837799
2298025
2298025
3542887
2298025
3064033
626331
1723519
1126015
2298025
3732423
77031
511935
3732423
3064033
3732423
1126015
410011
626331
1723519
3732423
3732423
3732423
626331
1117065
3732423
3732423
3064033
142587
3064033
3732423
3732423
1126015
3542887
410011
511935
1723519
