9
9
19
3732423
837799
3732423
1126015
2298025
6649279
1723519
3732423
1723519
8400511
8400511
3732423
837799
230631
8400511
1126015
3732423
3732423
6649279
6649279
6649279
2298025
5649499
6649279
1723519
3732423
6649279
3064033
8400511
3732423
2298025
1501353
410011
8400511
3732423
3732423
6649279
3732423
1564063
6649279
6649279
8400511
3064033
3732423
3732423
8400511
8400511
6649279
3732423
1723519
8400511
3732423
6649279
3732423
1723519
8400511
3732423
8400511
3732423
8400511
6649279
1126015
6649279
8400511
3732423
6649279
6649279
3732423
6649279
8400511
8400511
626331
6649279
5649499
626331
6649279
8400511
230631
8400511
8400511
5649499
8400511
410011
3732423
6649279
230631
5649499
3732423
1723519
511935
5649499
8400511
5649499
2298025
2298025
3732423
3732423
8400511
1501353
3732423
