511935
2298025
2298025
1126015
3542887
3542887
3732423
1723519
3542887
3064033
3732423
2298025
3732423
626331
3064033
1723519
1126015
1126015
2298025
3732423
3732423
3542887
1723519
1126015
1564063
3732423
1126015
52527
1723519
3732423
230631
3732423
1564063
837799
3542887
837799
1126015
1126015
1723519
1723519
1723519
3542887
1723519
3732423
3732423
1126015
156159
3064033
3732423
3732423
1126015
1723519
1723519
1126015
626331
1126015
3542887
626331
1723519
3732423
2298025
511935
1723519
511935
2298025
3542887
1564063
1126015
1723519
3732423
3732423
3732423
3064033
3732423
3732423
