3064033
2298025
3732423
5649499
8400511
6649279
3732423
8400511
8400511
2298025
6649279
5649499
5649499
837799
3732423
8400511
3732423
3064033
1723519
3732423
3732423
6649279
8400511
8400511
3732423
8400511
8400511
230631
2298025
52527
8400511
3732423
626331
142587
8400511
3732423
6649279
6649279
2298025
3732423
3732423
1723519
3732423
3732423
8400511
6649279
1723519
6649279
8400511
3732423
837799
3732423
6649279
5649499
3064033
5649499
511935
410011
1723519
8400511
8400511
1126015
5649499
5649499
8400511
3732423
3732423
8400511
6649279
3542887
3732423
5649499
8400511
3732423
6649279
8400511
8400511
3732423
1564063
410011
